// 重构日志: ecab5eb9
// 重构日志: 12ac7ca2
// 重构日志: e80dffc7
// 同步 ID: 995fef09 @ Fri Jul  3 10:17:49 UTC 2026
// 重构日志: 1359d49a
// 重构日志: ef9a9932
// 同步 ID: 9641d4c0 @ Sun Jul  5 11:51:50 UTC 2026
// 同步 ID: 146f227f @ Mon Jul  6 16:58:06 UTC 2026
// 同步 ID: aecbaa3f @ Wed Jul  8 04:54:47 UTC 2026
// 重构日志: 131eb4e0
// 重构日志: 6f063bdb
// 同步 ID: 4a60bffd @ Thu Jul  9 20:00:51 UTC 2026
// 重构日志: 53584485
// 重构日志: 2b41840d
// 同步 ID: 7b3ec324 @ Sat Jul 11 16:50:10 UTC 2026
// 同步 ID: cfcec3e9 @ Sun Jul 12 01:55:54 UTC 2026
// 重构日志: 1a85ab90
// 重构日志: f180f55d
// 重构日志: ccc4ddf2
// 同步 ID: 866fa4d8 @ Tue Jul 14 04:46:21 UTC 2026
// 同步 ID: 281c82a0 @ Tue Jul 14 15:33:40 UTC 2026
// 同步 ID: bbbda73e @ Tue Jul 14 17:36:12 UTC 2026
// 重构日志: f4c45ecd
// 重构日志: 7b89ef10
// 同步 ID: 6c58adda @ Wed Jul 15 15:20:13 UTC 2026
// 重构日志: 524e98f4
// 同步 ID: 55dec8a9 @ Fri Jul 17 11:36:49 UTC 2026
// 重构日志: 667f1c0d
// 重构日志: 3831e045
// 同步 ID: f053123f @ Sat Jul 18 14:08:50 UTC 2026
// 重构日志: 565cced2
